Arguments: 
  C:\Program Files\nodejs\node.exe C:\Users\grejo\AppData\Roaming\npm\node_modules\yarn\bin\yarn.js add rsuite

PATH: 
  C:\Python39\Scripts\;C:\Python39\;C:\Python38\Scripts\;C:\Python38\;C:\WINDOWS\system32;C:\WINDOWS;C:\WINDOWS\System32\Wbem;C:\WINDOWS\System32\WindowsPowerShell\v1.0\;C:\Program Files\Git\cmd;C:\WINDOWS\System32\OpenSSH\;C:\ProgramData\chocolatey\bin;C:\Users\grejo\Downloads\tcc-0.9.24-win32-bin\tcc;C:\dm\bin;C:\xampp\php;C:\ProgramData\ComposerSetup\bin;C:\xampp\php\PEAR;C:\Program Files\MySQL\MySQL Shell 8.0\bin\;C:\Program Files (x86)\Intel\Intel(R) Management Engine Components\DAL;C:\Program Files\Intel\Intel(R) Management Engine Components\DAL;C:\Program Files\PuTTY\;C:\Program Files\OpenJDK\openjdk-8u275-b01\bin;C:\Program Files\Java\jdk1.8.0_212\bin;C:\Program Files\nodejs\;C:\Program Files\dotnet\;C:\Program Files\MySQL\MySQL Shell 8.0\bin\;C:\Users\grejo\AppData\Local\Microsoft\WindowsApps;C:\Users\grejo\AppData\Local\Programs\Microsoft VS Code\bin;C:\Program Files\mingw-w64\x86_64-8.1.0-posix-seh-rt_v6-rev0\mingw64\bin;C:\Users\grejo\AppData\Roaming\Composer\vendor\bin;C:\Users\grejo\.ebcli-virtual-env\executables;C:\flutter\bin;C:\Program Files\Java\jdk1.8.0_212\bin;C:\Program Files\heroku\bin;C:\Users\grejo\AppData\Roaming\npm;C:\Users\grejo\AppData\Local\Android\Sdk\platform-tools;%USERPROFILE%\.dotnet\tools;C:\Users\grejo\AppData\Local\hyper\app-3.0.2\resources\bin

Yarn version: 
  1.22.10

Node version: 
  14.15.3

Platform: 
  win32 x64

Trace: 
  Error: https://registry.yarnpkg.com/@fortawesome/fontawesome-free/-/fontawesome-free-5.15.2.tgz: ESOCKETTIMEDOUT
      at ClientRequest.<anonymous> (C:\Users\grejo\AppData\Roaming\npm\node_modules\yarn\lib\cli.js:141289:19)
      at Object.onceWrapper (events.js:421:28)
      at ClientRequest.emit (events.js:315:20)
      at TLSSocket.emitRequestTimeout (_http_client.js:784:9)
      at Object.onceWrapper (events.js:421:28)
      at TLSSocket.emit (events.js:327:22)
      at TLSSocket.Socket._onTimeout (net.js:483:8)
      at listOnTimeout (internal/timers.js:554:17)
      at processTimers (internal/timers.js:497:7)

npm manifest: 
  {
    "name": "argon-dashboard-react",
    "version": "1.2.0",
    "description": "React version of Argon Dashboard by Creative Tim",
    "main": "index.js",
    "repository": {
      "type": "git",
      "url": "git+https://github.com/creativetimofficial/argon-dashboard-react.git"
    },
    "keywords": [
      "react",
      "reactjs",
      "argon",
      "argon-react",
      "dashboard",
      "dashboard-react",
      "argon-dashboard",
      "argon-dashboard-react"
    ],
    "author": "Creative Tim",
    "license": "MIT",
    "bugs": {
      "url": "https://github.com/creativetimofficial/argon-dashboard-react/issues"
    },
    "homepage": "https://demos.creative-tim.com/argon-dashboard-react/",
    "scripts": {
      "start": "react-scripts start",
      "build": "react-scripts build",
      "test": "react-scripts test",
      "eject": "react-scripts eject",
      "install:clean": "rm -rf node_modules/ && rm -rf package-lock.json && npm install && npm start",
      "compile:scss": "node-sass --importer node_modules/node-sass-package-importer/dist/cli.js src/assets/scss/argon-dashboard-react.scss src/assets/css/argon-dashboard-react.css",
      "minify:scss": "node-sass --importer node_modules/node-sass-package-importer/dist/cli.js src/assets/scss/argon-dashboard-react.scss src/assets/css/argon-dashboard-react.min.css --output-style compressed",
      "map:scss": "node-sass --importer node_modules/node-sass-package-importer/dist/cli.js src/assets/scss/argon-dashboard-react.scss src/assets/css/argon-dashboard-react.css --source-map true",
      "build:scss": "npm run compile:scss && npm run minify:scss && npm run map:scss"
    },
    "eslintConfig": {
      "extends": "react-app"
    },
    "browserslist": [
      ">0.2%",
      "not dead",
      "not ie <= 11",
      "not op_mini all"
    ],
    "dependencies": {
      "@fortawesome/fontawesome-free": "5.15.2",
      "axios": "^0.21.1",
      "bootstrap": "4.6.0",
      "chart.js": "2.9.4",
      "classnames": "2.2.6",
      "moment": "2.29.1",
      "node-sass": "4.14.1",
      "node-sass-package-importer": "5.3.2",
      "nouislider": "14.6.3",
      "react": "17.0.1",
      "react-chartjs-2": "2.11.1",
      "react-copy-to-clipboard": "5.0.3",
      "react-datetime": "3.0.4",
      "react-dom": "17.0.1",
      "react-router-dom": "5.2.0",
      "react-scripts": "^4.0.1",
      "reactstrap": "8.9.0"
    },
    "devDependencies": {
      "gulp": "4.0.2",
      "gulp-append-prepend": "1.0.8"
    },
    "optionalDependencies": {
      "eslint-plugin-flowtype": "5.2.0",
      "jquery": "3.5.1",
      "typescript": "4.1.3"
    }
  }

yarn manifest: 
  No manifest

Lockfile: 
  No lockfile
